build/app/intermediates/manifest_merge_blame_file/debug/manifest-merger-blame-debug-report.txt
1<?xml version="1.0" encoding="utf-8"?>
2<manifest xmlns:android="http://schemas.android.com/apk/res/android"
3    package="co.titandlt.auditory"
4    android:versionCode="4"
5    android:versionName="1.0.4" >
6
7    <uses-sdk
8        android:minSdkVersion="24"
9        android:targetSdkVersion="29" />
10    <!--
11         Flutter needs it to communicate with the running application
12         to allow setting breakpoints, to provide hot reload, etc.
13    -->
14    <uses-permission android:name="android.permission.INTERNET" />
14-->src/main/AndroidManifest.xml:16:5-66
14-->src/main/AndroidManifest.xml:16:22-64
15    <!--
16     io.flutter.app.FlutterApplication is an android.app.Application that
17         calls FlutterMain.startInitialization(this); in its onCreate method.
18         In most cases you can leave this as-is, but you if you want to provide
19         additional functionality it is fine to subclass or reimplement
20         FlutterApplication and put your custom class here.
21    -->
22    <uses-permission android:name="android.permission.RECEIVE_BOOT_COMPLETED" />
22-->src/main/AndroidManifest.xml:9:5-80
22-->src/main/AndroidManifest.xml:9:22-78
23    <uses-permission android:name="android.permission.VIBRATE" />
23-->src/main/AndroidManifest.xml:10:5-66
23-->src/main/AndroidManifest.xml:10:22-63
24    <uses-permission android:name="android.permission.RECORD_AUDIO" />
24-->src/main/AndroidManifest.xml:11:5-71
24-->src/main/AndroidManifest.xml:11:22-68
25    <uses-permission android:name="android.permission.WRITE_EXTERNAL_STORAGE" />
25-->src/main/AndroidManifest.xml:12:5-81
25-->src/main/AndroidManifest.xml:12:22-78
26    <uses-permission android:name="android.permission.USE_FINGERPRINT" />
26-->src/main/AndroidManifest.xml:13:5-73
26-->src/main/AndroidManifest.xml:13:22-71
27    <uses-permission android:name="android.permission.ACCESS_NETWORK_STATE" />
27-->src/main/AndroidManifest.xml:17:5-79
27-->src/main/AndroidManifest.xml:17:22-76
28    <uses-permission android:name="android.permission.BLUETOOTH" />
28-->src/main/AndroidManifest.xml:18:5-68
28-->src/main/AndroidManifest.xml:18:22-65
29    <uses-permission android:name="android.permission.FOREGROUND_SERVICE" />
29-->src/main/AndroidManifest.xml:19:5-77
29-->src/main/AndroidManifest.xml:19:22-74
30    <uses-permission android:name="android.permission.READ_EXTERNAL_STORAGE" />
30-->[:file_picker] AndroidManifest.xml:7:5-80
30-->[:file_picker] AndroidManifest.xml:7:22-77
31
32    <queries>
32-->[:file_picker] AndroidManifest.xml:9:5-15:15
33        <intent>
33-->[:file_picker] AndroidManifest.xml:10:9-14:18
34            <action android:name="android.intent.action.GET_CONTENT" />
34-->[:file_picker] AndroidManifest.xml:11:13-72
34-->[:file_picker] AndroidManifest.xml:11:21-69
35
36            <data android:mimeType="*/*" />
36-->src/main/AndroidManifest.xml:78:17-75
37        </intent>
38    </queries>
39
40    <uses-permission android:name="android.permission.USE_FULL_SCREEN_INTENT" />
40-->[:flutter_local_notifications] AndroidManifest.xml:9:5-81
40-->[:flutter_local_notifications] AndroidManifest.xml:9:22-78
41    <uses-permission android:name="android.permission.WAKE_LOCK" /> <!-- Required by older versions of Google Play services to create IID tokens -->
41-->[:flutter_media_notification] AndroidManifest.xml:9:5-68
41-->[:flutter_media_notification] AndroidManifest.xml:9:22-65
42    <uses-permission android:name="com.google.android.c2dm.permission.RECEIVE" />
42-->[com.google.firebase:firebase-iid:21.0.1] AndroidManifest.xml:26:5-82
42-->[com.google.firebase:firebase-iid:21.0.1] AndroidManifest.xml:26:22-79
43    <uses-permission android:name="com.google.android.finsky.permission.BIND_GET_INSTALL_REFERRER_SERVICE" /> <!-- <uses-permission android:name="android.permission.WRITE_EXTERNAL_STORAGE"></uses-permission> -->
43-->[com.google.android.gms:play-services-measurement:18.0.0] AndroidManifest.xml:26:5-110
43-->[com.google.android.gms:play-services-measurement:18.0.0] AndroidManifest.xml:26:22-107
44    <!-- <uses-permission android:name="android.permission.READ_EXTERNAL_STORAGE"></uses-permission> -->
45    <application
45-->src/main/AndroidManifest.xml:23:5-172:19
46        android:name="co.titandlt.auditory.Application"
46-->src/main/AndroidManifest.xml:24:9-36
47        android:appComponentFactory="androidx.core.app.CoreComponentFactory"
47-->[androidx.core:core:1.3.2] AndroidManifest.xml:24:18-86
48        android:debuggable="true"
49        android:extractNativeLibs="false"
50        android:icon="@mipmap/ic_launcher"
50-->src/main/AndroidManifest.xml:27:9-43
51        android:label="Aureal"
51-->src/main/AndroidManifest.xml:25:9-31
52        android:usesCleartextTraffic="true" >
52-->src/main/AndroidManifest.xml:26:9-44
53
54        <!-- <meta-data -->
55        <!-- android:name="com.google.firebase.messaging.default_notification_icon" -->
56        <!-- android:resource="@drawable/notification_icon.png" /> -->
57        <!-- <meta-data -->
58        <!-- android:name="com.google.firebase.messaging.default_notification_color" -->
59        <!-- android:resource="@color/colorPrimary" /> -->
60
61        <provider
62            android:name="vn.hunghd.flutterdownloader.DownloadedFileProvider"
63            android:authorities="co.titandlt.auditory.flutter_downloader.provider"
64            android:exported="false"
65            android:grantUriPermissions="true" >
66            <meta-data
66-->[:image_picker] AndroidManifest.xml:16:13-18:75
67                android:name="android.support.FILE_PROVIDER_PATHS"
67-->[:image_picker] AndroidManifest.xml:17:17-67
68                android:resource="@xml/provider_paths" />
68-->[:image_picker] AndroidManifest.xml:18:17-72
69        </provider>
70        <provider
71            android:name="vn.hunghd.flutterdownloader.FlutterDownloaderInitializer"
72            android:authorities="co.titandlt.auditory.flutter-downloader-init"
73            android:exported="false" >
74
75            <!-- changes this number to configure the maximum number of concurrent tasks -->
76            <meta-data
77                android:name="vn.hunghd.flutterdownloader.MAX_CONCURRENT_TASKS"
78                android:value="5" />
79        </provider>
80        <!-- <uses-permission android:name="android.permission.INTERNET"/> -->
81
82        <meta-data
82-->src/main/AndroidManifest.xml:64:9-65:54
83            android:name="com.facebook.sdk.ApplicationId"
83-->src/main/AndroidManifest.xml:64:20-65
84            android:value="@string/facebook_app_id" />
84-->src/main/AndroidManifest.xml:65:13-52
85
86        <activity
86-->src/main/AndroidManifest.xml:67:9-70:48
87            android:name="com.facebook.FacebookActivity"
87-->src/main/AndroidManifest.xml:67:19-63
88            android:configChanges="keyboard|keyboardHidden|screenLayout|screenSize|orientation"
88-->src/main/AndroidManifest.xml:68:13-113
89            android:label="@string/app_name" />
89-->src/main/AndroidManifest.xml:70:13-45
90        <activity
90-->src/main/AndroidManifest.xml:71:9-80:20
91            android:name="com.facebook.CustomTabActivity"
91-->src/main/AndroidManifest.xml:72:13-58
92            android:exported="true" >
92-->src/main/AndroidManifest.xml:73:13-36
93            <intent-filter>
93-->src/main/AndroidManifest.xml:74:13-79:29
94                <action android:name="android.intent.action.VIEW" />
94-->src/main/AndroidManifest.xml:75:17-69
94-->src/main/AndroidManifest.xml:75:25-66
95
96                <category android:name="android.intent.category.DEFAULT" />
96-->src/main/AndroidManifest.xml:76:17-76
96-->src/main/AndroidManifest.xml:76:27-73
97                <category android:name="android.intent.category.BROWSABLE" />
97-->src/main/AndroidManifest.xml:77:17-78
97-->src/main/AndroidManifest.xml:77:27-75
98
99                <data android:scheme="@string/fb_login_protocol_scheme" />
99-->src/main/AndroidManifest.xml:78:17-75
99-->src/main/AndroidManifest.xml:78:23-72
100            </intent-filter>
101        </activity>
102        <activity
102-->src/main/AndroidManifest.xml:86:9-116:20
103            android:name="co.titandlt.auditory.MainActivity"
103-->src/main/AndroidManifest.xml:87:13-41
104            android:configChanges="orientation|keyboardHidden|keyboard|screenSize|locale|layoutDirection|fontScale|screenLayout|density|uiMode"
104-->src/main/AndroidManifest.xml:90:13-144
105            android:hardwareAccelerated="true"
105-->src/main/AndroidManifest.xml:91:13-47
106            android:launchMode="singleTop"
106-->src/main/AndroidManifest.xml:88:13-43
107            android:theme="@style/LaunchTheme"
107-->src/main/AndroidManifest.xml:89:13-47
108            android:windowSoftInputMode="adjustResize" >
108-->src/main/AndroidManifest.xml:92:13-55
109
110            <!--
111                 This keeps the window background of the activity showing
112                 until Flutter renders its first frame. It can be removed if
113                 there is no splash screen (such as the default splash screen
114                 defined in @style/LaunchTheme).
115            -->
116
117
118            <!-- <meta-data -->
119            <!-- android:name="io.flutter.app.android.SplashScreenUntilFirstFrame" -->
120            <!-- android:value="true" /> -->
121            <!-- Specify that the launch screen should continue being displayed -->
122            <!-- until Flutter renders its first frame. -->
123            <meta-data
123-->src/main/AndroidManifest.xml:105:13-107:66
124                android:name="io.flutter.embedding.android.SplashScreenDrawable"
124-->src/main/AndroidManifest.xml:106:17-81
125                android:resource="@drawable/launch_background" />
125-->src/main/AndroidManifest.xml:107:17-63
126
127            <intent-filter>
127-->src/main/AndroidManifest.xml:108:13-111:29
128                <action android:name="android.intent.action.MAIN" />
128-->src/main/AndroidManifest.xml:109:17-68
128-->src/main/AndroidManifest.xml:109:25-66
129
130                <category android:name="android.intent.category.LAUNCHER" />
130-->src/main/AndroidManifest.xml:110:17-76
130-->src/main/AndroidManifest.xml:110:27-74
131            </intent-filter>
132            <intent-filter>
132-->src/main/AndroidManifest.xml:112:13-115:29
133                <action android:name="FLUTTER_NOTIFICATION_CLICK" />
133-->src/main/AndroidManifest.xml:113:17-69
133-->src/main/AndroidManifest.xml:113:25-66
134
135                <category android:name="android.intent.category.DEFAULT" />
135-->src/main/AndroidManifest.xml:76:17-76
135-->src/main/AndroidManifest.xml:76:27-73
136            </intent-filter>
137        </activity>
138
139        <receiver android:name="com.dexterous.flutterlocalnotifications.ScheduledNotificationBootReceiver" >
139-->src/main/AndroidManifest.xml:117:9-121:20
139-->src/main/AndroidManifest.xml:117:19-107
140            <intent-filter>
140-->src/main/AndroidManifest.xml:118:13-120:29
141                <action android:name="android.intent.action.BOOT_COMPLETED" />
141-->src/main/AndroidManifest.xml:119:17-86
141-->src/main/AndroidManifest.xml:119:25-76
142            </intent-filter>
143            <intent-filter>
143-->[:flutter_local_notifications] AndroidManifest.xml:14:13-19:29
144                <action android:name="android.intent.action.BOOT_COMPLETED" />
144-->src/main/AndroidManifest.xml:119:17-86
144-->src/main/AndroidManifest.xml:119:25-76
145                <action android:name="android.intent.action.MY_PACKAGE_REPLACED" />
145-->[:flutter_local_notifications] AndroidManifest.xml:16:17-84
145-->[:flutter_local_notifications] AndroidManifest.xml:16:25-81
146                <action android:name="android.intent.action.QUICKBOOT_POWERON" />
146-->[:flutter_local_notifications] AndroidManifest.xml:17:17-82
146-->[:flutter_local_notifications] AndroidManifest.xml:17:25-79
147                <action android:name="com.htc.intent.action.QUICKBOOT_POWERON" />
147-->[:flutter_local_notifications] AndroidManifest.xml:18:17-82
147-->[:flutter_local_notifications] AndroidManifest.xml:18:25-79
148            </intent-filter>
149        </receiver>
150        <receiver android:name="com.dexterous.flutterlocalnotifications.ScheduledNotificationReceiver" />
150-->src/main/AndroidManifest.xml:122:9-106
150-->src/main/AndroidManifest.xml:122:19-103
151
152        <activity
152-->src/main/AndroidManifest.xml:123:9-126:71
153            android:name="com.yalantis.ucrop.UCropActivity"
153-->src/main/AndroidManifest.xml:124:13-60
154            android:screenOrientation="portrait"
154-->src/main/AndroidManifest.xml:125:13-49
155            android:theme="@style/Theme.AppCompat.Light.NoActionBar" />
155-->src/main/AndroidManifest.xml:126:13-69
156
157        <meta-data
157-->src/main/AndroidManifest.xml:128:9-130:33
158            android:name="flutterEmbedding"
158-->src/main/AndroidManifest.xml:129:13-44
159            android:value="2" />
159-->src/main/AndroidManifest.xml:130:13-30
160
161        <service
161-->src/main/AndroidManifest.xml:131:9-133:38
162            android:name="live.exit.musicplayer.MusicPlayerService"
162-->src/main/AndroidManifest.xml:132:13-68
163            android:enabled="true" />
163-->src/main/AndroidManifest.xml:133:13-35
164
165        <provider
166            android:name="androidx.core.content.FileProvider"
167            android:authorities="co.titandlt.auditory.provider"
168            android:exported="false"
169            android:grantUriPermissions="true" >
170            <meta-data
170-->[:image_picker] AndroidManifest.xml:16:13-18:75
171                android:name="android.support.FILE_PROVIDER_PATHS"
171-->[:image_picker] AndroidManifest.xml:17:17-67
172                android:resource="@xml/provider_paths" />
172-->[:image_picker] AndroidManifest.xml:18:17-72
173        </provider>
174        <provider
175            android:name="vn.hunghd.flutterdownloader.DownloadedFileProvider"
176            android:authorities="co.titandlt.auditory.flutter_downloader.provider"
177            android:exported="false"
178            android:grantUriPermissions="true" >
179            <meta-data
179-->[:image_picker] AndroidManifest.xml:16:13-18:75
180                android:name="android.support.FILE_PROVIDER_PATHS"
180-->[:image_picker] AndroidManifest.xml:17:17-67
181                android:resource="@xml/provider_paths" />
181-->[:image_picker] AndroidManifest.xml:18:17-72
182        </provider>
183        <provider
184            android:name="vn.hunghd.flutterdownloader.FlutterDownloaderInitializer"
185            android:authorities="co.titandlt.auditory.flutter-downloader-init"
186            android:exported="false" >
187
188            <!-- changes this number to configure the maximum number of concurrent tasks -->
189            <meta-data
190                android:name="vn.hunghd.flutterdownloader.MAX_CONCURRENT_TASKS"
191                android:value="5" />
192        </provider>
193        <provider
193-->[:image_picker] AndroidManifest.xml:11:9-19:20
194            android:name="io.flutter.plugins.imagepicker.ImagePickerFileProvider"
194-->[:image_picker] AndroidManifest.xml:12:13-82
195            android:authorities="co.titandlt.auditory.flutter.image_provider"
195-->[:image_picker] AndroidManifest.xml:13:13-74
196            android:exported="false"
196-->[:image_picker] AndroidManifest.xml:14:13-37
197            android:grantUriPermissions="true" >
197-->[:image_picker] AndroidManifest.xml:15:13-47
198            <meta-data
198-->[:image_picker] AndroidManifest.xml:16:13-18:75
199                android:name="android.support.FILE_PROVIDER_PATHS"
199-->[:image_picker] AndroidManifest.xml:17:17-67
200                android:resource="@xml/flutter_image_picker_file_paths" />
200-->[:image_picker] AndroidManifest.xml:18:17-72
201        </provider>
202
203        <receiver android:name="com.tarafdari.flutter_media_notification.NotificationReturnSlot" />
203-->[:flutter_media_notification] AndroidManifest.xml:12:9-100
203-->[:flutter_media_notification] AndroidManifest.xml:12:19-97
204        <receiver android:name="androidx.media.session.MediaButtonReceiver" >
204-->[:flutter_media_notification] AndroidManifest.xml:13:9-17:20
204-->[:flutter_media_notification] AndroidManifest.xml:13:19-76
205            <intent-filter>
205-->[:flutter_media_notification] AndroidManifest.xml:14:13-16:29
206                <action android:name="android.intent.action.MEDIA_BUTTON" />
206-->[:flutter_media_notification] AndroidManifest.xml:15:17-77
206-->[:flutter_media_notification] AndroidManifest.xml:15:25-74
207            </intent-filter>
208        </receiver>
209
210        <service
210-->[:flutter_media_notification] AndroidManifest.xml:19:9-22:39
211            android:name="com.tarafdari.flutter_media_notification.NotificationPanel"
211-->[:flutter_media_notification] AndroidManifest.xml:20:13-86
212            android:enabled="true"
212-->[:flutter_media_notification] AndroidManifest.xml:21:13-35
213            android:exported="true" />
213-->[:flutter_media_notification] AndroidManifest.xml:22:13-36
214        <service
214-->[:firebase_auth] AndroidManifest.xml:8:9-12:19
215            android:name="com.google.firebase.components.ComponentDiscoveryService"
215-->[:firebase_auth] AndroidManifest.xml:8:18-89
216            android:directBootAware="true"
216-->[com.google.firebase:firebase-common:19.5.0] AndroidManifest.xml:35:13-43
217            android:exported="false" >
217-->[com.google.firebase:firebase-messaging:21.0.1] AndroidManifest.xml:38:13-37
218            <meta-data
218-->[:firebase_auth] AndroidManifest.xml:9:13-11:85
219                android:name="com.google.firebase.components:io.flutter.plugins.firebase.auth.FlutterFirebaseAuthRegistrar"
219-->[:firebase_auth] AndroidManifest.xml:10:17-124
220                android:value="com.google.firebase.components.ComponentRegistrar" />
220-->[:firebase_auth] AndroidManifest.xml:11:17-82
221            <meta-data
221-->[:firebase_messaging] AndroidManifest.xml:34:13-36:85
222                android:name="com.google.firebase.components:io.flutter.plugins.firebase.messaging.FlutterFirebaseAppRegistrar"
222-->[:firebase_messaging] AndroidManifest.xml:35:17-128
223                android:value="com.google.firebase.components.ComponentRegistrar" />
223-->[:firebase_messaging] AndroidManifest.xml:36:17-82
224            <meta-data
224-->[:firebase_analytics] AndroidManifest.xml:13:13-15:85
225                android:name="com.google.firebase.components:io.flutter.plugins.firebaseanalytics.FlutterFirebaseAppRegistrar"
225-->[:firebase_analytics] AndroidManifest.xml:14:17-127
226                android:value="com.google.firebase.components.ComponentRegistrar" />
226-->[:firebase_analytics] AndroidManifest.xml:15:17-82
227            <meta-data
227-->[:firebase_core] AndroidManifest.xml:9:13-11:85
228                android:name="com.google.firebase.components:io.flutter.plugins.firebase.core.FlutterFirebaseCoreRegistrar"
228-->[:firebase_core] AndroidManifest.xml:10:17-124
229                android:value="com.google.firebase.components.ComponentRegistrar" />
229-->[:firebase_core] AndroidManifest.xml:11:17-82
230            <meta-data
230-->[com.google.firebase:firebase-messaging:21.0.1] AndroidManifest.xml:39:13-41:85
231                android:name="com.google.firebase.components:com.google.firebase.messaging.FirebaseMessagingRegistrar"
231-->[com.google.firebase:firebase-messaging:21.0.1] AndroidManifest.xml:40:17-119
232                android:value="com.google.firebase.components.ComponentRegistrar" />
232-->[com.google.firebase:firebase-messaging:21.0.1] AndroidManifest.xml:41:17-82
233            <meta-data
233-->[com.google.firebase:firebase-inappmessaging-display:19.1.3] AndroidManifest.xml:18:13-20:85
234                android:name="com.google.firebase.components:com.google.firebase.inappmessaging.display.FirebaseInAppMessagingDisplayRegistrar"
234-->[com.google.firebase:firebase-inappmessaging-display:19.1.3] AndroidManifest.xml:19:17-144
235                android:value="com.google.firebase.components.ComponentRegistrar" />
235-->[com.google.firebase:firebase-inappmessaging-display:19.1.3] AndroidManifest.xml:20:17-82
236            <meta-data
236-->[com.google.firebase:firebase-auth:20.0.1] AndroidManifest.xml:77:13-79:85
237                android:name="com.google.firebase.components:com.google.firebase.auth.FirebaseAuthRegistrar"
237-->[com.google.firebase:firebase-auth:20.0.1] AndroidManifest.xml:78:17-109
238                android:value="com.google.firebase.components.ComponentRegistrar" />
238-->[com.google.firebase:firebase-auth:20.0.1] AndroidManifest.xml:79:17-82
239            <meta-data
239-->[com.google.firebase:firebase-iid:21.0.1] AndroidManifest.xml:32:13-34:85
240                android:name="com.google.firebase.components:com.google.firebase.iid.Registrar"
240-->[com.google.firebase:firebase-iid:21.0.1] AndroidManifest.xml:33:17-96
241                android:value="com.google.firebase.components.ComponentRegistrar" />
241-->[com.google.firebase:firebase-iid:21.0.1] AndroidManifest.xml:34:17-82
242            <meta-data
242-->[com.google.android.gms:play-services-measurement-api:18.0.0] AndroidManifest.xml:30:13-32:85
243                android:name="com.google.firebase.components:com.google.firebase.analytics.connector.internal.AnalyticsConnectorRegistrar"
243-->[com.google.android.gms:play-services-measurement-api:18.0.0] AndroidManifest.xml:31:17-139
244                android:value="com.google.firebase.components.ComponentRegistrar" />
244-->[com.google.android.gms:play-services-measurement-api:18.0.0] AndroidManifest.xml:32:17-82
245            <meta-data
245-->[com.google.firebase:firebase-inappmessaging:19.1.3] AndroidManifest.xml:17:13-19:85
246                android:name="com.google.firebase.components:com.google.firebase.inappmessaging.FirebaseInAppMessagingRegistrar"
246-->[com.google.firebase:firebase-inappmessaging:19.1.3] AndroidManifest.xml:18:17-129
247                android:value="com.google.firebase.components.ComponentRegistrar" />
247-->[com.google.firebase:firebase-inappmessaging:19.1.3] AndroidManifest.xml:19:17-82
248            <meta-data
248-->[com.google.firebase:firebase-datatransport:17.0.10] AndroidManifest.xml:28:13-30:85
249                android:name="com.google.firebase.components:com.google.firebase.datatransport.TransportRegistrar"
249-->[com.google.firebase:firebase-datatransport:17.0.10] AndroidManifest.xml:29:17-115
250                android:value="com.google.firebase.components.ComponentRegistrar" />
250-->[com.google.firebase:firebase-datatransport:17.0.10] AndroidManifest.xml:30:17-82
251            <meta-data
251-->[com.google.firebase:firebase-installations:16.3.5] AndroidManifest.xml:18:13-20:85
252                android:name="com.google.firebase.components:com.google.firebase.installations.FirebaseInstallationsRegistrar"
252-->[com.google.firebase:firebase-installations:16.3.5] AndroidManifest.xml:19:17-127
253                android:value="com.google.firebase.components.ComponentRegistrar" />
253-->[com.google.firebase:firebase-installations:16.3.5] AndroidManifest.xml:20:17-82
254            <meta-data
254-->[com.google.firebase:firebase-abt:20.0.0] AndroidManifest.xml:13:13-15:85
255                android:name="com.google.firebase.components:com.google.firebase.abt.component.AbtRegistrar"
255-->[com.google.firebase:firebase-abt:20.0.0] AndroidManifest.xml:14:17-109
256                android:value="com.google.firebase.components.ComponentRegistrar" />
256-->[com.google.firebase:firebase-abt:20.0.0] AndroidManifest.xml:15:17-82
257            <!--
258                This registrar is not defined in the dynamic-module-support sdk itself to allow non-firebase
259                clients to use it as well, by defining this registrar in their own core/common library.
260            -->
261            <meta-data
261-->[com.google.firebase:firebase-common:19.5.0] AndroidManifest.xml:43:13-45:85
262                android:name="com.google.firebase.components:com.google.firebase.dynamicloading.DynamicLoadingRegistrar"
262-->[com.google.firebase:firebase-common:19.5.0] AndroidManifest.xml:44:17-121
263                android:value="com.google.firebase.components.ComponentRegistrar" />
263-->[com.google.firebase:firebase-common:19.5.0] AndroidManifest.xml:45:17-82
264        </service>
265        <service
265-->[:firebase_messaging] AndroidManifest.xml:12:9-15:72
266            android:name="io.flutter.plugins.firebase.messaging.FlutterFirebaseMessagingBackgroundService"
266-->[:firebase_messaging] AndroidManifest.xml:13:13-107
267            android:exported="false"
267-->[:firebase_messaging] AndroidManifest.xml:14:13-37
268            android:permission="android.permission.BIND_JOB_SERVICE" />
268-->[:firebase_messaging] AndroidManifest.xml:15:13-69
269        <service
269-->[:firebase_messaging] AndroidManifest.xml:16:9-22:19
270            android:name="io.flutter.plugins.firebase.messaging.FlutterFirebaseMessagingService"
270-->[:firebase_messaging] AndroidManifest.xml:17:13-97
271            android:exported="false" >
271-->[:firebase_messaging] AndroidManifest.xml:18:13-37
272            <intent-filter>
272-->[:firebase_messaging] AndroidManifest.xml:19:13-21:29
273                <action android:name="com.google.firebase.MESSAGING_EVENT" />
273-->[:firebase_messaging] AndroidManifest.xml:20:17-78
273-->[:firebase_messaging] AndroidManifest.xml:20:25-75
274            </intent-filter>
275        </service>
276
277        <receiver
277-->[:firebase_messaging] AndroidManifest.xml:24:9-31:20
278            android:name="io.flutter.plugins.firebase.messaging.FlutterFirebaseMessagingReceiver"
278-->[:firebase_messaging] AndroidManifest.xml:25:13-98
279            android:exported="true"
279-->[:firebase_messaging] AndroidManifest.xml:26:13-36
280            android:permission="com.google.android.c2dm.permission.SEND" >
280-->[:firebase_messaging] AndroidManifest.xml:27:13-73
281            <intent-filter>
281-->[:firebase_messaging] AndroidManifest.xml:28:13-30:29
282                <action android:name="com.google.android.c2dm.intent.RECEIVE" />
282-->[:firebase_messaging] AndroidManifest.xml:29:17-81
282-->[:firebase_messaging] AndroidManifest.xml:29:25-78
283            </intent-filter>
284        </receiver>
285
286        <provider
286-->[:firebase_messaging] AndroidManifest.xml:39:9-43:38
287            android:name="io.flutter.plugins.firebase.messaging.FlutterFirebaseMessagingInitProvider"
287-->[:firebase_messaging] AndroidManifest.xml:40:13-102
288            android:authorities="co.titandlt.auditory.flutterfirebasemessaginginitprovider"
288-->[:firebase_messaging] AndroidManifest.xml:41:13-88
289            android:exported="false"
289-->[:firebase_messaging] AndroidManifest.xml:42:13-37
290            android:initOrder="99" />
290-->[:firebase_messaging] AndroidManifest.xml:43:13-35
291
292        <activity
292-->[:url_launcher] AndroidManifest.xml:8:9-11:74
293            android:name="io.flutter.plugins.urllauncher.WebViewActivity"
293-->[:url_launcher] AndroidManifest.xml:9:13-74
294            android:exported="false"
294-->[:url_launcher] AndroidManifest.xml:10:13-37
295            android:theme="@android:style/Theme.NoTitleBar.Fullscreen" />
295-->[:url_launcher] AndroidManifest.xml:11:13-71
296
297        <receiver android:name="com.github.florent37.assets_audio_player.notification.NotificationActionReceiver" />
297-->[:assets_audio_player] AndroidManifest.xml:12:9-117
297-->[:assets_audio_player] AndroidManifest.xml:12:19-114
298        <receiver android:name="com.github.florent37.assets_audio_player.notification.CustomMediaButtonReceiver" >
298-->[:assets_audio_player] AndroidManifest.xml:13:9-17:20
298-->[:assets_audio_player] AndroidManifest.xml:13:19-113
299            <intent-filter>
299-->[:flutter_media_notification] AndroidManifest.xml:14:13-16:29
300                <action android:name="android.intent.action.MEDIA_BUTTON" />
300-->[:flutter_media_notification] AndroidManifest.xml:15:17-77
300-->[:flutter_media_notification] AndroidManifest.xml:15:25-74
301            </intent-filter>
302        </receiver>
303
304        <service
304-->[:assets_audio_player] AndroidManifest.xml:19:9-29:19
305            android:name="com.github.florent37.assets_audio_player.notification.NotificationService"
305-->[:assets_audio_player] AndroidManifest.xml:20:13-101
306            android:enabled="true"
306-->[:assets_audio_player] AndroidManifest.xml:21:13-35
307            android:exported="true" >
307-->[:assets_audio_player] AndroidManifest.xml:22:13-36
308
309            <!--
310            <intent-filter>
311                <action android:name="android.intent.action.MEDIA_BUTTON" />
312            </intent-filter>
313            -->
314        </service>
315        <!--
316             FirebaseMessagingService performs security checks at runtime,
317             but set to not exported to explicitly avoid allowing another app to call it.
318        -->
319        <service
319-->[com.google.firebase:firebase-messaging:21.0.1] AndroidManifest.xml:28:9-35:19
320            android:name="com.google.firebase.messaging.FirebaseMessagingService"
320-->[com.google.firebase:firebase-messaging:21.0.1] AndroidManifest.xml:29:13-82
321            android:directBootAware="true"
321-->[com.google.firebase:firebase-messaging:21.0.1] AndroidManifest.xml:30:13-43
322            android:exported="false" >
322-->[com.google.firebase:firebase-messaging:21.0.1] AndroidManifest.xml:31:13-37
323            <intent-filter android:priority="-500" >
323-->[:firebase_messaging] AndroidManifest.xml:19:13-21:29
324                <action android:name="com.google.firebase.MESSAGING_EVENT" />
324-->[:firebase_messaging] AndroidManifest.xml:20:17-78